<?xml version="1.0" encoding="UTF-8"?>
<testsuite xmlns:xsi="http://www.w3.org/2001/XMLSchema-instance" xsi:noNamespaceSchemaLocation="https://maven.apache.org/surefire/maven-surefire-plugin/xsd/surefire-test-report-3.0.xsd" version="3.0" name="TTT.TestTTT" time="0.052" tests="8" errors="0" skipped="0" failures="0">
  <properties>
[...]
</properties>
  <testcase name="testColumnWin" classname="TTT.TestTTT" time="0.02"/>
  <testcase name="testNoWin" classname="TTT.TestTTT" time="0.002"/>
  <testcase name="testIsBoardFull" classname="TTT.TestTTT" time="0.001"/>
  <testcase name="testPrintBoard" classname="TTT.TestTTT" time="0.008"/>
  <testcase name="testInitializeBoard" classname="TTT.TestTTT" time="0.001"/>
  <testcase name="testDiagonalWin" classname="TTT.TestTTT" time="0.001"/>
  <testcase name="testMakeMove" classname="TTT.TestTTT" time="0.001"/>
  <testcase name="testRowWin" classname="TTT.TestTTT" time="0.001"/>
</testsuite>